Analysis & Synthesis report for rsr
Tue Feb 20 13:52:10 2018
Quartus Prime Version 17.0.0 Build 595 04/25/2017 SJ Lite Edition


---------------------
; Table of Contents ;
---------------------
  1. Legal Notice
  2. Analysis & Synthesis Summary
  3. Analysis & Synthesis Settings
  4. Parallel Compilation
  5. Analysis & Synthesis Source Files Read
  6. Analysis & Synthesis Resource Usage Summary
  7. Analysis & Synthesis Resource Utilization by Entity
  8. Analysis & Synthesis IP Cores Summary
  9. Registers Removed During Synthesis
 10. General Register Statistics
 11. Source assignments for igy:A0|rom:A2|altsyncram:altsyncram_component|altsyncram_sr24:auto_generated
 12. Parameter Settings for User Entity Instance: igy:A0|rom:A2|altsyncram:altsyncram_component
 13. altsyncram Parameter Settings by Entity Instance
 14. Port Connectivity Checks: "igy:A0|rom:A2"
 15. Port Connectivity Checks: "igy:A0|alpha:A1"
 16. Post-Synthesis Netlist Statistics for Top Partition
 17. Elapsed Time Per Partition
 18. Analysis & Synthesis Messages



----------------
; Legal Notice ;
----------------
Copyright (C) 2017  Intel Corporation. All rights reserved.
Your use of Intel Corporation's design tools, logic functions 
and other software and tools, and its AMPP partner logic 
functions, and any output files from any of the foregoing 
(including device programming or simulation files), and any 
associated documentation or information are expressly subject 
to the terms and conditions of the Intel Program License 
Subscription Agreement, the Intel Quartus Prime License Agreement,
the Intel MegaCore Function License Agreement, or other 
applicable license agreement, including, without limitation, 
that your use is for the sole purpose of programming logic 
devices manufactured by Intel and sold by Intel or its 
authorized distributors.  Please refer to the applicable 
agreement for further details.



+-------------------------------------------------------------------------------+
; Analysis & Synthesis Summary                                                  ;
+---------------------------------+---------------------------------------------+
; Analysis & Synthesis Status     ; Successful - Tue Feb 20 13:52:10 2018       ;
; Quartus Prime Version           ; 17.0.0 Build 595 04/25/2017 SJ Lite Edition ;
; Revision Name                   ; rsr                                         ;
; Top-level Entity Name           ; rsr                                         ;
; Family                          ; Cyclone V                                   ;
; Logic utilization (in ALMs)     ; N/A                                         ;
; Total registers                 ; 0                                           ;
; Total pins                      ; 65                                          ;
; Total virtual pins              ; 0                                           ;
; Total block memory bits         ; 0                                           ;
; Total DSP Blocks                ; 0                                           ;
; Total HSSI RX PCSs              ; 0                                           ;
; Total HSSI PMA RX Deserializers ; 0                                           ;
; Total HSSI TX PCSs              ; 0                                           ;
; Total HSSI PMA TX Serializers   ; 0                                           ;
; Total PLLs                      ; 0                                           ;
; Total DLLs                      ; 0                                           ;
+---------------------------------+---------------------------------------------+


+---------------------------------------------------------------------------------------------------------------------------+
; Analysis & Synthesis Settings                                                                                             ;
+---------------------------------------------------------------------------------+--------------------+--------------------+
; Option                                                                          ; Setting            ; Default Value      ;
+---------------------------------------------------------------------------------+--------------------+--------------------+
; Device                                                                          ; 5CSEBA6U23A7       ;                    ;
; Top-level entity name                                                           ; rsr                ; rsr                ;
; Family name                                                                     ; Cyclone V          ; Cyclone V          ;
; Use smart compilation                                                           ; Off                ; Off                ;
; Enable parallel Assembler and TimeQuest Timing Analyzer during compilation      ; On                 ; On                 ;
; Enable compact report table                                                     ; Off                ; Off                ;
; Restructure Multiplexers                                                        ; Auto               ; Auto               ;
; MLAB Add Timing Constraints For Mixed-Port Feed-Through Mode Setting Don't Care ; Off                ; Off                ;
; Create Debugging Nodes for IP Cores                                             ; Off                ; Off                ;
; Preserve fewer node names                                                       ; On                 ; On                 ;
; OpenCore Plus hardware evaluation                                               ; Enable             ; Enable             ;
; Verilog Version                                                                 ; Verilog_2001       ; Verilog_2001       ;
; VHDL Version                                                                    ; VHDL_1993          ; VHDL_1993          ;
; State Machine Processing                                                        ; Auto               ; Auto               ;
; Safe State Machine                                                              ; Off                ; Off                ;
; Extract Verilog State Machines                                                  ; On                 ; On                 ;
; Extract VHDL State Machines                                                     ; On                 ; On                 ;
; Ignore Verilog initial constructs                                               ; Off                ; Off                ;
; Iteration limit for constant Verilog loops                                      ; 5000               ; 5000               ;
; Iteration limit for non-constant Verilog loops                                  ; 250                ; 250                ;
; Add Pass-Through Logic to Inferred RAMs                                         ; On                 ; On                 ;
; Infer RAMs from Raw Logic                                                       ; On                 ; On                 ;
; Parallel Synthesis                                                              ; On                 ; On                 ;
; DSP Block Balancing                                                             ; Auto               ; Auto               ;
; NOT Gate Push-Back                                                              ; On                 ; On                 ;
; Power-Up Don't Care                                                             ; On                 ; On                 ;
; Remove Redundant Logic Cells                                                    ; Off                ; Off                ;
; Remove Duplicate Registers                                                      ; On                 ; On                 ;
; Ignore CARRY Buffers                                                            ; Off                ; Off                ;
; Ignore CASCADE Buffers                                                          ; Off                ; Off                ;
; Ignore GLOBAL Buffers                                                           ; Off                ; Off                ;
; Ignore ROW GLOBAL Buffers                                                       ; Off                ; Off                ;
; Ignore LCELL Buffers                                                            ; Off                ; Off                ;
; Ignore SOFT Buffers                                                             ; On                 ; On                 ;
; Limit AHDL Integers to 32 Bits                                                  ; Off                ; Off                ;
; Optimization Technique                                                          ; Balanced           ; Balanced           ;
; Carry Chain Length                                                              ; 70                 ; 70                 ;
; Auto Carry Chains                                                               ; On                 ; On                 ;
; Auto Open-Drain Pins                                                            ; On                 ; On                 ;
; Perform WYSIWYG Primitive Resynthesis                                           ; Off                ; Off                ;
; Auto ROM Replacement                                                            ; On                 ; On                 ;
; Auto RAM Replacement                                                            ; On                 ; On                 ;
; Auto DSP Block Replacement                                                      ; On                 ; On                 ;
; Auto Shift Register Replacement                                                 ; Auto               ; Auto               ;
; Allow Shift Register Merging across Hierarchies                                 ; Auto               ; Auto               ;
; Auto Clock Enable Replacement                                                   ; On                 ; On                 ;
; Strict RAM Replacement                                                          ; Off                ; Off                ;
; Allow Synchronous Control Signals                                               ; On                 ; On                 ;
; Force Use of Synchronous Clear Signals                                          ; Off                ; Off                ;
; Auto Resource Sharing                                                           ; Off                ; Off                ;
; Allow Any RAM Size For Recognition                                              ; Off                ; Off                ;
; Allow Any ROM Size For Recognition                                              ; Off                ; Off                ;
; Allow Any Shift Register Size For Recognition                                   ; Off                ; Off                ;
; Use LogicLock Constraints during Resource Balancing                             ; On                 ; On                 ;
; Ignore translate_off and synthesis_off directives                               ; Off                ; Off                ;
; Timing-Driven Synthesis                                                         ; On                 ; On                 ;
; Report Parameter Settings                                                       ; On                 ; On                 ;
; Report Source Assignments                                                       ; On                 ; On                 ;
; Report Connectivity Checks                                                      ; On                 ; On                 ;
; Ignore Maximum Fan-Out Assignments                                              ; Off                ; Off                ;
; Synchronization Register Chain Length                                           ; 3                  ; 3                  ;
; PowerPlay Power Optimization During Synthesis                                   ; Normal compilation ; Normal compilation ;
; HDL message level                                                               ; Level2             ; Level2             ;
; Suppress Register Optimization Related Messages                                 ; Off                ; Off                ;
; Number of Removed Registers Reported in Synthesis Report                        ; 5000               ; 5000               ;
; Number of Swept Nodes Reported in Synthesis Report                              ; 5000               ; 5000               ;
; Number of Inverted Registers Reported in Synthesis Report                       ; 100                ; 100                ;
; Clock MUX Protection                                                            ; On                 ; On                 ;
; Auto Gated Clock Conversion                                                     ; Off                ; Off                ;
; Block Design Naming                                                             ; Auto               ; Auto               ;
; SDC constraint protection                                                       ; Off                ; Off                ;
; Synthesis Effort                                                                ; Auto               ; Auto               ;
; Shift Register Replacement - Allow Asynchronous Clear Signal                    ; On                 ; On                 ;
; Pre-Mapping Resynthesis Optimization                                            ; Off                ; Off                ;
; Analysis & Synthesis Message Level                                              ; Medium             ; Medium             ;
; Disable Register Merging Across Hierarchies                                     ; Auto               ; Auto               ;
; Resource Aware Inference For Block RAM                                          ; On                 ; On                 ;
; Automatic Parallel Synthesis                                                    ; On                 ; On                 ;
; Partial Reconfiguration Bitstream ID                                            ; Off                ; Off                ;
+---------------------------------------------------------------------------------+--------------------+--------------------+


+------------------------------------------+
; Parallel Compilation                     ;
+----------------------------+-------------+
; Processors                 ; Number      ;
+----------------------------+-------------+
; Number detected on machine ; 8           ;
; Maximum allowed            ; 4           ;
;                            ;             ;
; Average used               ; 1.00        ;
; Maximum used               ; 1           ;
;                            ;             ;
; Usage by Processor         ; % Time Used ;
;     Processor 1            ; 100.0%      ;
+----------------------------+-------------+


+--------------------------------------------------------------------------------------------------------------------------------------------------------------------------------------+
; Analysis & Synthesis Source Files Read                                                                                                                                               ;
+----------------------------------+-----------------+----------------------------------------+------------------------------------------------------------------------------+---------+
; File Name with User-Entered Path ; Used in Netlist ; File Type                              ; File Name with Absolute Path                                                 ; Library ;
+----------------------------------+-----------------+----------------------------------------+------------------------------------------------------------------------------+---------+
; alpha.vhd                        ; yes             ; User VHDL File                         ; C:/EELE466/GHC_DDC/Lab4/Quartus/RSR/alpha.vhd                                ;         ;
; rsr.vhd                          ; yes             ; User VHDL File                         ; C:/EELE466/GHC_DDC/Lab4/Quartus/RSR/rsr.vhd                                  ;         ;
; lzc.vhd                          ; yes             ; User VHDL File                         ; C:/EELE466/GHC_DDC/Lab4/Quartus/RSR/lzc.vhd                                  ;         ;
; igy.vhd                          ; yes             ; User VHDL File                         ; C:/EELE466/GHC_DDC/Lab4/Quartus/RSR/igy.vhd                                  ;         ;
; rom.vhd                          ; yes             ; User Wizard-Generated File             ; C:/EELE466/GHC_DDC/Lab4/Quartus/RSR/rom.vhd                                  ;         ;
; newton.vhd                       ; yes             ; User VHDL File                         ; C:/EELE466/GHC_DDC/Lab4/Quartus/RSR/newton.vhd                               ;         ;
; altsyncram.tdf                   ; yes             ; Megafunction                           ; c:/intelfpga_lite/17.0/quartus/libraries/megafunctions/altsyncram.tdf        ;         ;
; stratix_ram_block.inc            ; yes             ; Megafunction                           ; c:/intelfpga_lite/17.0/quartus/libraries/megafunctions/stratix_ram_block.inc ;         ;
; lpm_mux.inc                      ; yes             ; Megafunction                           ; c:/intelfpga_lite/17.0/quartus/libraries/megafunctions/lpm_mux.inc           ;         ;
; lpm_decode.inc                   ; yes             ; Megafunction                           ; c:/intelfpga_lite/17.0/quartus/libraries/megafunctions/lpm_decode.inc        ;         ;
; aglobal170.inc                   ; yes             ; Megafunction                           ; c:/intelfpga_lite/17.0/quartus/libraries/megafunctions/aglobal170.inc        ;         ;
; a_rdenreg.inc                    ; yes             ; Megafunction                           ; c:/intelfpga_lite/17.0/quartus/libraries/megafunctions/a_rdenreg.inc         ;         ;
; altrom.inc                       ; yes             ; Megafunction                           ; c:/intelfpga_lite/17.0/quartus/libraries/megafunctions/altrom.inc            ;         ;
; altram.inc                       ; yes             ; Megafunction                           ; c:/intelfpga_lite/17.0/quartus/libraries/megafunctions/altram.inc            ;         ;
; altdpram.inc                     ; yes             ; Megafunction                           ; c:/intelfpga_lite/17.0/quartus/libraries/megafunctions/altdpram.inc          ;         ;
; db/altsyncram_sr24.tdf           ; yes             ; Auto-Generated Megafunction            ; C:/EELE466/GHC_DDC/Lab4/Quartus/RSR/db/altsyncram_sr24.tdf                   ;         ;
; ../../MATLAB/rsqrt_table.mif     ; yes             ; Auto-Found Memory Initialization File  ; C:/EELE466/GHC_DDC/Lab4/MATLAB/rsqrt_table.mif                               ;         ;
+----------------------------------+-----------------+----------------------------------------+------------------------------------------------------------------------------+---------+


+-----------------------------------------------------+
; Analysis & Synthesis Resource Usage Summary         ;
+---------------------------------------------+-------+
; Resource                                    ; Usage ;
+---------------------------------------------+-------+
; Estimate of Logic utilization (ALMs needed) ; 0     ;
;                                             ;       ;
; Combinational ALUT usage for logic          ; 0     ;
;     -- 7 input functions                    ; 0     ;
;     -- 6 input functions                    ; 0     ;
;     -- 5 input functions                    ; 0     ;
;     -- 4 input functions                    ; 0     ;
;     -- <=3 input functions                  ; 0     ;
;                                             ;       ;
; Dedicated logic registers                   ; 0     ;
;                                             ;       ;
; I/O pins                                    ; 65    ;
;                                             ;       ;
; Total DSP Blocks                            ; 0     ;
;                                             ;       ;
; Maximum fan-out node                        ; clk   ;
; Maximum fan-out                             ; 1     ;
; Total fan-out                               ; 65    ;
; Average fan-out                             ; 0.50  ;
+---------------------------------------------+-------+


+----------------------------------------------------------------------------------------------------------------------------------------------------------------------------------------+
; Analysis & Synthesis Resource Utilization by Entity                                                                                                                                    ;
+----------------------------+---------------------+---------------------------+-------------------+------------+------+--------------+---------------------+-------------+--------------+
; Compilation Hierarchy Node ; Combinational ALUTs ; Dedicated Logic Registers ; Block Memory Bits ; DSP Blocks ; Pins ; Virtual Pins ; Full Hierarchy Name ; Entity Name ; Library Name ;
+----------------------------+---------------------+---------------------------+-------------------+------------+------+--------------+---------------------+-------------+--------------+
; |rsr                       ; 0 (0)               ; 0 (0)                     ; 0                 ; 0          ; 65   ; 0            ; |rsr                ; rsr         ; work         ;
+----------------------------+---------------------+---------------------------+-------------------+------------+------+--------------+---------------------+-------------+--------------+
Note: For table entries with two numbers listed, the numbers in parentheses indicate the number of resources of the given type used by the specific entity alone. The numbers listed outside of parentheses indicate the total resources of the given type used by the specific entity and all of its sub-entities in the hierarchy.


+---------------------------------------------------------------------------------------------------+
; Analysis & Synthesis IP Cores Summary                                                             ;
+--------+--------------+---------+--------------+--------------+-----------------+-----------------+
; Vendor ; IP Core Name ; Version ; Release Date ; License Type ; Entity Instance ; IP Include File ;
+--------+--------------+---------+--------------+--------------+-----------------+-----------------+
; N/A    ; ROM: 1-PORT  ; 17.0    ; N/A          ; N/A          ; |rsr            ;                 ;
+--------+--------------+---------+--------------+--------------+-----------------+-----------------+


+-------------------------------------------------------------+
; Registers Removed During Synthesis                          ;
+----------------------------------------+--------------------+
; Register name                          ; Reason for Removal ;
+----------------------------------------+--------------------+
; igy:A0|alpha:A1|xBsig[10..17]          ; Lost fanout        ;
; igy:A0|lzc:A0|b1                       ; Lost fanout        ;
; igy:A0|lzc:A0|b3                       ; Lost fanout        ;
; igy:A0|lzc:A0|b2                       ; Lost fanout        ;
; igy:A0|lzc:A0|b7                       ; Lost fanout        ;
; igy:A0|lzc:A0|b6                       ; Lost fanout        ;
; igy:A0|lzc:A0|b5                       ; Lost fanout        ;
; igy:A0|lzc:A0|b4                       ; Lost fanout        ;
; igy:A0|lzc:A0|b15                      ; Lost fanout        ;
; igy:A0|lzc:A0|b14                      ; Lost fanout        ;
; igy:A0|lzc:A0|b13                      ; Lost fanout        ;
; igy:A0|lzc:A0|b12                      ; Lost fanout        ;
; igy:A0|lzc:A0|b11                      ; Lost fanout        ;
; igy:A0|lzc:A0|b10                      ; Lost fanout        ;
; igy:A0|lzc:A0|b9                       ; Lost fanout        ;
; igy:A0|lzc:A0|b8                       ; Lost fanout        ;
; igy:A0|lzc:A0|b28                      ; Lost fanout        ;
; igy:A0|lzc:A0|b29                      ; Lost fanout        ;
; igy:A0|lzc:A0|b30                      ; Lost fanout        ;
; igy:A0|lzc:A0|b31                      ; Lost fanout        ;
; igy:A0|lzc:A0|b27                      ; Lost fanout        ;
; igy:A0|lzc:A0|b26                      ; Lost fanout        ;
; igy:A0|lzc:A0|b25                      ; Lost fanout        ;
; igy:A0|lzc:A0|b24                      ; Lost fanout        ;
; igy:A0|lzc:A0|b23                      ; Lost fanout        ;
; igy:A0|lzc:A0|b22                      ; Lost fanout        ;
; igy:A0|lzc:A0|b21                      ; Lost fanout        ;
; igy:A0|lzc:A0|b20                      ; Lost fanout        ;
; igy:A0|lzc:A0|b19                      ; Lost fanout        ;
; igy:A0|lzc:A0|b18                      ; Lost fanout        ;
; igy:A0|lzc:A0|b17                      ; Lost fanout        ;
; igy:A0|lzc:A0|b16                      ; Lost fanout        ;
; Total Number of Removed Registers = 39 ;                    ;
+----------------------------------------+--------------------+


+------------------------------------------------------+
; General Register Statistics                          ;
+----------------------------------------------+-------+
; Statistic                                    ; Value ;
+----------------------------------------------+-------+
; Total registers                              ; 0     ;
; Number of registers using Synchronous Clear  ; 0     ;
; Number of registers using Synchronous Load   ; 0     ;
; Number of registers using Asynchronous Clear ; 0     ;
; Number of registers using Asynchronous Load  ; 0     ;
; Number of registers using Clock Enable       ; 0     ;
; Number of registers using Preset             ; 0     ;
+----------------------------------------------+-------+


+-----------------------------------------------------------------------------------------------------+
; Source assignments for igy:A0|rom:A2|altsyncram:altsyncram_component|altsyncram_sr24:auto_generated ;
+---------------------------------+--------------------+------+---------------------------------------+
; Assignment                      ; Value              ; From ; To                                    ;
+---------------------------------+--------------------+------+---------------------------------------+
; OPTIMIZE_POWER_DURING_SYNTHESIS ; NORMAL_COMPILATION ; -    ; -                                     ;
+---------------------------------+--------------------+------+---------------------------------------+


+--------------------------------------------------------------------------------------------+
; Parameter Settings for User Entity Instance: igy:A0|rom:A2|altsyncram:altsyncram_component ;
+------------------------------------+------------------------------+------------------------+
; Parameter Name                     ; Value                        ; Type                   ;
+------------------------------------+------------------------------+------------------------+
; BYTE_SIZE_BLOCK                    ; 8                            ; Untyped                ;
; AUTO_CARRY_CHAINS                  ; ON                           ; AUTO_CARRY             ;
; IGNORE_CARRY_BUFFERS               ; OFF                          ; IGNORE_CARRY           ;
; AUTO_CASCADE_CHAINS                ; ON                           ; AUTO_CASCADE           ;
; IGNORE_CASCADE_BUFFERS             ; OFF                          ; IGNORE_CASCADE         ;
; WIDTH_BYTEENA                      ; 1                            ; Untyped                ;
; OPERATION_MODE                     ; ROM                          ; Untyped                ;
; WIDTH_A                            ; 8                            ; Signed Integer         ;
; WIDTHAD_A                          ; 8                            ; Signed Integer         ;
; NUMWORDS_A                         ; 256                          ; Signed Integer         ;
; OUTDATA_REG_A                      ; CLOCK0                       ; Untyped                ;
; ADDRESS_ACLR_A                     ; NONE                         ; Untyped                ;
; OUTDATA_ACLR_A                     ; NONE                         ; Untyped                ;
; WRCONTROL_ACLR_A                   ; NONE                         ; Untyped                ;
; INDATA_ACLR_A                      ; NONE                         ; Untyped                ;
; BYTEENA_ACLR_A                     ; NONE                         ; Untyped                ;
; WIDTH_B                            ; 1                            ; Signed Integer         ;
; WIDTHAD_B                          ; 1                            ; Signed Integer         ;
; NUMWORDS_B                         ; 0                            ; Signed Integer         ;
; INDATA_REG_B                       ; CLOCK1                       ; Untyped                ;
; WRCONTROL_WRADDRESS_REG_B          ; CLOCK1                       ; Untyped                ;
; RDCONTROL_REG_B                    ; CLOCK1                       ; Untyped                ;
; ADDRESS_REG_B                      ; CLOCK1                       ; Untyped                ;
; OUTDATA_REG_B                      ; UNREGISTERED                 ; Untyped                ;
; BYTEENA_REG_B                      ; CLOCK1                       ; Untyped                ;
; INDATA_ACLR_B                      ; NONE                         ; Untyped                ;
; WRCONTROL_ACLR_B                   ; NONE                         ; Untyped                ;
; ADDRESS_ACLR_B                     ; NONE                         ; Untyped                ;
; OUTDATA_ACLR_B                     ; NONE                         ; Untyped                ;
; RDCONTROL_ACLR_B                   ; NONE                         ; Untyped                ;
; BYTEENA_ACLR_B                     ; NONE                         ; Untyped                ;
; WIDTH_BYTEENA_A                    ; 1                            ; Signed Integer         ;
; WIDTH_BYTEENA_B                    ; 1                            ; Signed Integer         ;
; RAM_BLOCK_TYPE                     ; AUTO                         ; Untyped                ;
; BYTE_SIZE                          ; 8                            ; Signed Integer         ;
; READ_DURING_WRITE_MODE_MIXED_PORTS ; DONT_CARE                    ; Untyped                ;
; READ_DURING_WRITE_MODE_PORT_A      ; NEW_DATA_NO_NBE_READ         ; Untyped                ;
; READ_DURING_WRITE_MODE_PORT_B      ; NEW_DATA_NO_NBE_READ         ; Untyped                ;
; INIT_FILE                          ; ../../MATLAB/rsqrt_table.mif ; Untyped                ;
; INIT_FILE_LAYOUT                   ; PORT_A                       ; Untyped                ;
; MAXIMUM_DEPTH                      ; 0                            ; Signed Integer         ;
; CLOCK_ENABLE_INPUT_A               ; BYPASS                       ; Untyped                ;
; CLOCK_ENABLE_INPUT_B               ; NORMAL                       ; Untyped                ;
; CLOCK_ENABLE_OUTPUT_A              ; BYPASS                       ; Untyped                ;
; CLOCK_ENABLE_OUTPUT_B              ; NORMAL                       ; Untyped                ;
; CLOCK_ENABLE_CORE_A                ; USE_INPUT_CLKEN              ; Untyped                ;
; CLOCK_ENABLE_CORE_B                ; USE_INPUT_CLKEN              ; Untyped                ;
; ENABLE_ECC                         ; FALSE                        ; Untyped                ;
; ECC_PIPELINE_STAGE_ENABLED         ; FALSE                        ; Untyped                ;
; WIDTH_ECCSTATUS                    ; 3                            ; Signed Integer         ;
; DEVICE_FAMILY                      ; Cyclone V                    ; Untyped                ;
; CBXI_PARAMETER                     ; altsyncram_sr24              ; Untyped                ;
+------------------------------------+------------------------------+------------------------+
Note: In order to hide this table in the UI and the text report file, please set the "Show Parameter Settings in Synthesis Report" option in "Analysis and Synthesis Settings -> More Settings" to "Off".


+-------------------------------------------------------------------------------------------+
; altsyncram Parameter Settings by Entity Instance                                          ;
+-------------------------------------------+-----------------------------------------------+
; Name                                      ; Value                                         ;
+-------------------------------------------+-----------------------------------------------+
; Number of entity instances                ; 1                                             ;
; Entity Instance                           ; igy:A0|rom:A2|altsyncram:altsyncram_component ;
;     -- OPERATION_MODE                     ; ROM                                           ;
;     -- WIDTH_A                            ; 8                                             ;
;     -- NUMWORDS_A                         ; 256                                           ;
;     -- OUTDATA_REG_A                      ; CLOCK0                                        ;
;     -- WIDTH_B                            ; 1                                             ;
;     -- NUMWORDS_B                         ; 0                                             ;
;     -- ADDRESS_REG_B                      ; CLOCK1                                        ;
;     -- OUTDATA_REG_B                      ; UNREGISTERED                                  ;
;     -- RAM_BLOCK_TYPE                     ; AUTO                                          ;
;     -- READ_DURING_WRITE_MODE_MIXED_PORTS ; DONT_CARE                                     ;
+-------------------------------------------+-----------------------------------------------+


+----------------------------------------------------------------------------------------------------------------+
; Port Connectivity Checks: "igy:A0|rom:A2"                                                                      ;
+------+--------+----------+-------------------------------------------------------------------------------------+
; Port ; Type   ; Severity ; Details                                                                             ;
+------+--------+----------+-------------------------------------------------------------------------------------+
; q    ; Output ; Info     ; Connected to dangling logic. Logic that only feeds a dangling port will be removed. ;
+------+--------+----------+-------------------------------------------------------------------------------------+


+----------------------------------------------------------------------------------------------------------------------+
; Port Connectivity Checks: "igy:A0|alpha:A1"                                                                          ;
+------------+--------+----------+-------------------------------------------------------------------------------------+
; Port       ; Type   ; Severity ; Details                                                                             ;
+------------+--------+----------+-------------------------------------------------------------------------------------+
; xa         ; Output ; Info     ; Connected to dangling logic. Logic that only feeds a dangling port will be removed. ;
; xb[31..18] ; Output ; Info     ; Connected to dangling logic. Logic that only feeds a dangling port will be removed. ;
; xb[9..0]   ; Output ; Info     ; Connected to dangling logic. Logic that only feeds a dangling port will be removed. ;
+------------+--------+----------+-------------------------------------------------------------------------------------+


+-----------------------------------------------------+
; Post-Synthesis Netlist Statistics for Top Partition ;
+-----------------------+-----------------------------+
; Type                  ; Count                       ;
+-----------------------+-----------------------------+
; arriav_lcell_comb     ; 1                           ;
;     normal            ; 1                           ;
;         0 data inputs ; 1                           ;
; boundary_port         ; 65                          ;
;                       ;                             ;
; Max LUT depth         ; 0.00                        ;
; Average LUT depth     ; 0.00                        ;
+-----------------------+-----------------------------+


+-------------------------------+
; Elapsed Time Per Partition    ;
+----------------+--------------+
; Partition Name ; Elapsed Time ;
+----------------+--------------+
; Top            ; 00:00:00     ;
+----------------+--------------+


+-------------------------------+
; Analysis & Synthesis Messages ;
+-------------------------------+
Info: *******************************************************************
Info: Running Quartus Prime Analysis & Synthesis
    Info: Version 17.0.0 Build 595 04/25/2017 SJ Lite Edition
    Info: Processing started: Tue Feb 20 13:51:58 2018
Info: Command: quartus_map --read_settings_files=on --write_settings_files=off RSR -c rsr
Warning (18236): Number of processors has not been specified which may cause overloading on shared machines.  Set the global assignment NUM_PARALLEL_PROCESSORS in your QSF to an appropriate value for best performance.
Info (20030): Parallel compilation is enabled and will use 4 of the 4 processors detected
Info (12021): Found 2 design units, including 1 entities, in source file alpha.vhd
    Info (12022): Found design unit 1: alpha-alpha_arch File: C:/EELE466/GHC_DDC/Lab4/Quartus/RSR/alpha.vhd Line: 16
    Info (12023): Found entity 1: alpha File: C:/EELE466/GHC_DDC/Lab4/Quartus/RSR/alpha.vhd Line: 7
Info (12021): Found 2 design units, including 1 entities, in source file rsr.vhd
    Info (12022): Found design unit 1: rsr-rsr_arch File: C:/EELE466/GHC_DDC/Lab4/Quartus/RSR/rsr.vhd Line: 11
    Info (12023): Found entity 1: rsr File: C:/EELE466/GHC_DDC/Lab4/Quartus/RSR/rsr.vhd Line: 5
Info (12021): Found 2 design units, including 1 entities, in source file lzc.vhd
    Info (12022): Found design unit 1: lzc-behavioral File: C:/EELE466/GHC_DDC/Lab4/Quartus/RSR/lzc.vhd Line: 14
    Info (12023): Found entity 1: lzc File: C:/EELE466/GHC_DDC/Lab4/Quartus/RSR/lzc.vhd Line: 6
Info (12021): Found 2 design units, including 1 entities, in source file igy.vhd
    Info (12022): Found design unit 1: igy-igy_arch File: C:/EELE466/GHC_DDC/Lab4/Quartus/RSR/igy.vhd Line: 13
    Info (12023): Found entity 1: igy File: C:/EELE466/GHC_DDC/Lab4/Quartus/RSR/igy.vhd Line: 7
Info (12021): Found 2 design units, including 1 entities, in source file rom.vhd
    Info (12022): Found design unit 1: rom-SYN File: C:/EELE466/GHC_DDC/Lab4/Quartus/RSR/rom.vhd Line: 53
    Info (12023): Found entity 1: rom File: C:/EELE466/GHC_DDC/Lab4/Quartus/RSR/rom.vhd Line: 43
Info (12021): Found 2 design units, including 1 entities, in source file newton.vhd
    Info (12022): Found design unit 1: Newton-Newton_arch File: C:/EELE466/GHC_DDC/Lab4/Quartus/RSR/newton.vhd Line: 13
    Info (12023): Found entity 1: Newton File: C:/EELE466/GHC_DDC/Lab4/Quartus/RSR/newton.vhd Line: 6
Info (12127): Elaborating entity "rsr" for the top level hierarchy
Info (12128): Elaborating entity "igy" for hierarchy "igy:A0" File: C:/EELE466/GHC_DDC/Lab4/Quartus/RSR/rsr.vhd Line: 31
Warning (10541): VHDL Signal Declaration warning at igy.vhd(10): used implicit default value for signal "yGuess" because signal was never assigned a value or an explicit default value. Use of implicit default value may introduce unintended design optimizations. File: C:/EELE466/GHC_DDC/Lab4/Quartus/RSR/igy.vhd Line: 10
Warning (10036): Verilog HDL or VHDL warning at igy.vhd(37): object "xA" assigned a value but never read File: C:/EELE466/GHC_DDC/Lab4/Quartus/RSR/igy.vhd Line: 37
Warning (10036): Verilog HDL or VHDL warning at igy.vhd(40): object "xBfromRom" assigned a value but never read File: C:/EELE466/GHC_DDC/Lab4/Quartus/RSR/igy.vhd Line: 40
Info (12128): Elaborating entity "lzc" for hierarchy "igy:A0|lzc:A0" File: C:/EELE466/GHC_DDC/Lab4/Quartus/RSR/igy.vhd Line: 46
Warning (10036): Verilog HDL or VHDL warning at lzc.vhd(16): object "b0" assigned a value but never read File: C:/EELE466/GHC_DDC/Lab4/Quartus/RSR/lzc.vhd Line: 16
Info (12128): Elaborating entity "alpha" for hierarchy "igy:A0|alpha:A1" File: C:/EELE466/GHC_DDC/Lab4/Quartus/RSR/igy.vhd Line: 47
Info (12128): Elaborating entity "rom" for hierarchy "igy:A0|rom:A2" File: C:/EELE466/GHC_DDC/Lab4/Quartus/RSR/igy.vhd Line: 48
Info (12128): Elaborating entity "altsyncram" for hierarchy "igy:A0|rom:A2|altsyncram:altsyncram_component" File: C:/EELE466/GHC_DDC/Lab4/Quartus/RSR/rom.vhd Line: 60
Info (12130): Elaborated megafunction instantiation "igy:A0|rom:A2|altsyncram:altsyncram_component" File: C:/EELE466/GHC_DDC/Lab4/Quartus/RSR/rom.vhd Line: 60
Info (12133): Instantiated megafunction "igy:A0|rom:A2|altsyncram:altsyncram_component" with the following parameter: File: C:/EELE466/GHC_DDC/Lab4/Quartus/RSR/rom.vhd Line: 60
    Info (12134): Parameter "address_aclr_a" = "NONE"
    Info (12134): Parameter "address_aclr_b" = "NONE"
    Info (12134): Parameter "address_reg_b" = "CLOCK1"
    Info (12134): Parameter "byte_size" = "8"
    Info (12134): Parameter "byteena_aclr_a" = "UNUSED"
    Info (12134): Parameter "byteena_aclr_b" = "NONE"
    Info (12134): Parameter "byteena_reg_b" = "CLOCK1"
    Info (12134): Parameter "clock_enable_core_a" = "USE_INPUT_CLKEN"
    Info (12134): Parameter "clock_enable_core_b" = "USE_INPUT_CLKEN"
    Info (12134): Parameter "clock_enable_input_a" = "BYPASS"
    Info (12134): Parameter "clock_enable_input_b" = "NORMAL"
    Info (12134): Parameter "clock_enable_output_a" = "BYPASS"
    Info (12134): Parameter "clock_enable_output_b" = "NORMAL"
    Info (12134): Parameter "intended_device_family" = "Cyclone V"
    Info (12134): Parameter "ecc_pipeline_stage_enabled" = "FALSE"
    Info (12134): Parameter "enable_ecc" = "FALSE"
    Info (12134): Parameter "implement_in_les" = "OFF"
    Info (12134): Parameter "indata_aclr_a" = "UNUSED"
    Info (12134): Parameter "indata_aclr_b" = "NONE"
    Info (12134): Parameter "indata_reg_b" = "CLOCK1"
    Info (12134): Parameter "init_file" = "../../MATLAB/rsqrt_table.mif"
    Info (12134): Parameter "init_file_layout" = "PORT_A"
    Info (12134): Parameter "maximum_depth" = "0"
    Info (12134): Parameter "numwords_a" = "256"
    Info (12134): Parameter "numwords_b" = "0"
    Info (12134): Parameter "operation_mode" = "ROM"
    Info (12134): Parameter "outdata_aclr_a" = "NONE"
    Info (12134): Parameter "outdata_aclr_b" = "NONE"
    Info (12134): Parameter "outdata_reg_a" = "CLOCK0"
    Info (12134): Parameter "outdata_reg_b" = "UNREGISTERED"
    Info (12134): Parameter "power_up_uninitialized" = "FALSE"
    Info (12134): Parameter "ram_block_type" = "AUTO"
    Info (12134): Parameter "rdcontrol_aclr_b" = "NONE"
    Info (12134): Parameter "rdcontrol_reg_b" = "CLOCK1"
    Info (12134): Parameter "read_during_write_mode_mixed_ports" = "DONT_CARE"
    Info (12134): Parameter "read_during_write_mode_port_a" = "NEW_DATA_NO_NBE_READ"
    Info (12134): Parameter "read_during_write_mode_port_b" = "NEW_DATA_NO_NBE_READ"
    Info (12134): Parameter "stratixiv_m144k_allow_dual_clocks" = "ON"
    Info (12134): Parameter "width_a" = "8"
    Info (12134): Parameter "width_b" = "1"
    Info (12134): Parameter "width_byteena_a" = "1"
    Info (12134): Parameter "width_byteena_b" = "1"
    Info (12134): Parameter "width_eccstatus" = "3"
    Info (12134): Parameter "widthad_a" = "8"
    Info (12134): Parameter "widthad_b" = "1"
    Info (12134): Parameter "wrcontrol_aclr_a" = "UNUSED"
    Info (12134): Parameter "wrcontrol_aclr_b" = "NONE"
    Info (12134): Parameter "wrcontrol_wraddress_reg_b" = "CLOCK1"
    Info (12134): Parameter "lpm_hint" = "ENABLE_RUNTIME_MOD=NO"
    Info (12134): Parameter "lpm_type" = "altsyncram"
Info (12021): Found 1 design units, including 1 entities, in source file db/altsyncram_sr24.tdf
    Info (12023): Found entity 1: altsyncram_sr24 File: C:/EELE466/GHC_DDC/Lab4/Quartus/RSR/db/altsyncram_sr24.tdf Line: 28
Info (12128): Elaborating entity "altsyncram_sr24" for hierarchy "igy:A0|rom:A2|altsyncram:altsyncram_component|altsyncram_sr24:auto_generated" File: c:/intelfpga_lite/17.0/quartus/libraries/megafunctions/altsyncram.tdf Line: 792
Info (12128): Elaborating entity "Newton" for hierarchy "Newton:A1" File: C:/EELE466/GHC_DDC/Lab4/Quartus/RSR/rsr.vhd Line: 32
Warning (10541): VHDL Signal Declaration warning at newton.vhd(10): used implicit default value for signal "y" because signal was never assigned a value or an explicit default value. Use of implicit default value may introduce unintended design optimizations. File: C:/EELE466/GHC_DDC/Lab4/Quartus/RSR/newton.vhd Line: 10
Warning (14284): Synthesized away the following node(s):
    Warning (14285): Synthesized away the following RAM node(s):
        Warning (14320): Synthesized away node "igy:A0|rom:A2|altsyncram:altsyncram_component|altsyncram_sr24:auto_generated|q_a[0]" File: C:/EELE466/GHC_DDC/Lab4/Quartus/RSR/db/altsyncram_sr24.tdf Line: 35
        Warning (14320): Synthesized away node "igy:A0|rom:A2|altsyncram:altsyncram_component|altsyncram_sr24:auto_generated|q_a[1]" File: C:/EELE466/GHC_DDC/Lab4/Quartus/RSR/db/altsyncram_sr24.tdf Line: 58
        Warning (14320): Synthesized away node "igy:A0|rom:A2|altsyncram:altsyncram_component|altsyncram_sr24:auto_generated|q_a[2]" File: C:/EELE466/GHC_DDC/Lab4/Quartus/RSR/db/altsyncram_sr24.tdf Line: 81
        Warning (14320): Synthesized away node "igy:A0|rom:A2|altsyncram:altsyncram_component|altsyncram_sr24:auto_generated|q_a[3]" File: C:/EELE466/GHC_DDC/Lab4/Quartus/RSR/db/altsyncram_sr24.tdf Line: 104
        Warning (14320): Synthesized away node "igy:A0|rom:A2|altsyncram:altsyncram_component|altsyncram_sr24:auto_generated|q_a[4]" File: C:/EELE466/GHC_DDC/Lab4/Quartus/RSR/db/altsyncram_sr24.tdf Line: 127
        Warning (14320): Synthesized away node "igy:A0|rom:A2|altsyncram:altsyncram_component|altsyncram_sr24:auto_generated|q_a[5]" File: C:/EELE466/GHC_DDC/Lab4/Quartus/RSR/db/altsyncram_sr24.tdf Line: 150
        Warning (14320): Synthesized away node "igy:A0|rom:A2|altsyncram:altsyncram_component|altsyncram_sr24:auto_generated|q_a[6]" File: C:/EELE466/GHC_DDC/Lab4/Quartus/RSR/db/altsyncram_sr24.tdf Line: 173
        Warning (14320): Synthesized away node "igy:A0|rom:A2|altsyncram:altsyncram_component|altsyncram_sr24:auto_generated|q_a[7]" File: C:/EELE466/GHC_DDC/Lab4/Quartus/RSR/db/altsyncram_sr24.tdf Line: 196
Warning (13024): Output pins are stuck at VCC or GND
    Warning (13410): Pin "y[0]" is stuck at GND File: C:/EELE466/GHC_DDC/Lab4/Quartus/RSR/rsr.vhd Line: 8
    Warning (13410): Pin "y[1]" is stuck at GND File: C:/EELE466/GHC_DDC/Lab4/Quartus/RSR/rsr.vhd Line: 8
    Warning (13410): Pin "y[2]" is stuck at GND File: C:/EELE466/GHC_DDC/Lab4/Quartus/RSR/rsr.vhd Line: 8
    Warning (13410): Pin "y[3]" is stuck at GND File: C:/EELE466/GHC_DDC/Lab4/Quartus/RSR/rsr.vhd Line: 8
    Warning (13410): Pin "y[4]" is stuck at GND File: C:/EELE466/GHC_DDC/Lab4/Quartus/RSR/rsr.vhd Line: 8
    Warning (13410): Pin "y[5]" is stuck at GND File: C:/EELE466/GHC_DDC/Lab4/Quartus/RSR/rsr.vhd Line: 8
    Warning (13410): Pin "y[6]" is stuck at GND File: C:/EELE466/GHC_DDC/Lab4/Quartus/RSR/rsr.vhd Line: 8
    Warning (13410): Pin "y[7]" is stuck at GND File: C:/EELE466/GHC_DDC/Lab4/Quartus/RSR/rsr.vhd Line: 8
    Warning (13410): Pin "y[8]" is stuck at GND File: C:/EELE466/GHC_DDC/Lab4/Quartus/RSR/rsr.vhd Line: 8
    Warning (13410): Pin "y[9]" is stuck at GND File: C:/EELE466/GHC_DDC/Lab4/Quartus/RSR/rsr.vhd Line: 8
    Warning (13410): Pin "y[10]" is stuck at GND File: C:/EELE466/GHC_DDC/Lab4/Quartus/RSR/rsr.vhd Line: 8
    Warning (13410): Pin "y[11]" is stuck at GND File: C:/EELE466/GHC_DDC/Lab4/Quartus/RSR/rsr.vhd Line: 8
    Warning (13410): Pin "y[12]" is stuck at GND File: C:/EELE466/GHC_DDC/Lab4/Quartus/RSR/rsr.vhd Line: 8
    Warning (13410): Pin "y[13]" is stuck at GND File: C:/EELE466/GHC_DDC/Lab4/Quartus/RSR/rsr.vhd Line: 8
    Warning (13410): Pin "y[14]" is stuck at GND File: C:/EELE466/GHC_DDC/Lab4/Quartus/RSR/rsr.vhd Line: 8
    Warning (13410): Pin "y[15]" is stuck at GND File: C:/EELE466/GHC_DDC/Lab4/Quartus/RSR/rsr.vhd Line: 8
    Warning (13410): Pin "y[16]" is stuck at GND File: C:/EELE466/GHC_DDC/Lab4/Quartus/RSR/rsr.vhd Line: 8
    Warning (13410): Pin "y[17]" is stuck at GND File: C:/EELE466/GHC_DDC/Lab4/Quartus/RSR/rsr.vhd Line: 8
    Warning (13410): Pin "y[18]" is stuck at GND File: C:/EELE466/GHC_DDC/Lab4/Quartus/RSR/rsr.vhd Line: 8
    Warning (13410): Pin "y[19]" is stuck at GND File: C:/EELE466/GHC_DDC/Lab4/Quartus/RSR/rsr.vhd Line: 8
    Warning (13410): Pin "y[20]" is stuck at GND File: C:/EELE466/GHC_DDC/Lab4/Quartus/RSR/rsr.vhd Line: 8
    Warning (13410): Pin "y[21]" is stuck at GND File: C:/EELE466/GHC_DDC/Lab4/Quartus/RSR/rsr.vhd Line: 8
    Warning (13410): Pin "y[22]" is stuck at GND File: C:/EELE466/GHC_DDC/Lab4/Quartus/RSR/rsr.vhd Line: 8
    Warning (13410): Pin "y[23]" is stuck at GND File: C:/EELE466/GHC_DDC/Lab4/Quartus/RSR/rsr.vhd Line: 8
    Warning (13410): Pin "y[24]" is stuck at GND File: C:/EELE466/GHC_DDC/Lab4/Quartus/RSR/rsr.vhd Line: 8
    Warning (13410): Pin "y[25]" is stuck at GND File: C:/EELE466/GHC_DDC/Lab4/Quartus/RSR/rsr.vhd Line: 8
    Warning (13410): Pin "y[26]" is stuck at GND File: C:/EELE466/GHC_DDC/Lab4/Quartus/RSR/rsr.vhd Line: 8
    Warning (13410): Pin "y[27]" is stuck at GND File: C:/EELE466/GHC_DDC/Lab4/Quartus/RSR/rsr.vhd Line: 8
    Warning (13410): Pin "y[28]" is stuck at GND File: C:/EELE466/GHC_DDC/Lab4/Quartus/RSR/rsr.vhd Line: 8
    Warning (13410): Pin "y[29]" is stuck at GND File: C:/EELE466/GHC_DDC/Lab4/Quartus/RSR/rsr.vhd Line: 8
    Warning (13410): Pin "y[30]" is stuck at GND File: C:/EELE466/GHC_DDC/Lab4/Quartus/RSR/rsr.vhd Line: 8
    Warning (13410): Pin "y[31]" is stuck at GND File: C:/EELE466/GHC_DDC/Lab4/Quartus/RSR/rsr.vhd Line: 8
Info (17049): 39 registers lost all their fanouts during netlist optimizations.
Info (16010): Generating hard_block partition "hard_block:auto_generated_inst"
    Info (16011): Adding 0 node(s), including 0 DDIO, 0 PLL, 0 transceiver and 0 LCELL
Warning (21074): Design contains 33 input pin(s) that do not drive logic
    Warning (15610): No output dependent on input pin "clk" File: C:/EELE466/GHC_DDC/Lab4/Quartus/RSR/rsr.vhd Line: 6
    Warning (15610): No output dependent on input pin "x[0]" File: C:/EELE466/GHC_DDC/Lab4/Quartus/RSR/rsr.vhd Line: 7
    Warning (15610): No output dependent on input pin "x[1]" File: C:/EELE466/GHC_DDC/Lab4/Quartus/RSR/rsr.vhd Line: 7
    Warning (15610): No output dependent on input pin "x[2]" File: C:/EELE466/GHC_DDC/Lab4/Quartus/RSR/rsr.vhd Line: 7
    Warning (15610): No output dependent on input pin "x[3]" File: C:/EELE466/GHC_DDC/Lab4/Quartus/RSR/rsr.vhd Line: 7
    Warning (15610): No output dependent on input pin "x[4]" File: C:/EELE466/GHC_DDC/Lab4/Quartus/RSR/rsr.vhd Line: 7
    Warning (15610): No output dependent on input pin "x[5]" File: C:/EELE466/GHC_DDC/Lab4/Quartus/RSR/rsr.vhd Line: 7
    Warning (15610): No output dependent on input pin "x[6]" File: C:/EELE466/GHC_DDC/Lab4/Quartus/RSR/rsr.vhd Line: 7
    Warning (15610): No output dependent on input pin "x[7]" File: C:/EELE466/GHC_DDC/Lab4/Quartus/RSR/rsr.vhd Line: 7
    Warning (15610): No output dependent on input pin "x[8]" File: C:/EELE466/GHC_DDC/Lab4/Quartus/RSR/rsr.vhd Line: 7
    Warning (15610): No output dependent on input pin "x[9]" File: C:/EELE466/GHC_DDC/Lab4/Quartus/RSR/rsr.vhd Line: 7
    Warning (15610): No output dependent on input pin "x[10]" File: C:/EELE466/GHC_DDC/Lab4/Quartus/RSR/rsr.vhd Line: 7
    Warning (15610): No output dependent on input pin "x[11]" File: C:/EELE466/GHC_DDC/Lab4/Quartus/RSR/rsr.vhd Line: 7
    Warning (15610): No output dependent on input pin "x[12]" File: C:/EELE466/GHC_DDC/Lab4/Quartus/RSR/rsr.vhd Line: 7
    Warning (15610): No output dependent on input pin "x[13]" File: C:/EELE466/GHC_DDC/Lab4/Quartus/RSR/rsr.vhd Line: 7
    Warning (15610): No output dependent on input pin "x[14]" File: C:/EELE466/GHC_DDC/Lab4/Quartus/RSR/rsr.vhd Line: 7
    Warning (15610): No output dependent on input pin "x[15]" File: C:/EELE466/GHC_DDC/Lab4/Quartus/RSR/rsr.vhd Line: 7
    Warning (15610): No output dependent on input pin "x[16]" File: C:/EELE466/GHC_DDC/Lab4/Quartus/RSR/rsr.vhd Line: 7
    Warning (15610): No output dependent on input pin "x[17]" File: C:/EELE466/GHC_DDC/Lab4/Quartus/RSR/rsr.vhd Line: 7
    Warning (15610): No output dependent on input pin "x[18]" File: C:/EELE466/GHC_DDC/Lab4/Quartus/RSR/rsr.vhd Line: 7
    Warning (15610): No output dependent on input pin "x[19]" File: C:/EELE466/GHC_DDC/Lab4/Quartus/RSR/rsr.vhd Line: 7
    Warning (15610): No output dependent on input pin "x[20]" File: C:/EELE466/GHC_DDC/Lab4/Quartus/RSR/rsr.vhd Line: 7
    Warning (15610): No output dependent on input pin "x[21]" File: C:/EELE466/GHC_DDC/Lab4/Quartus/RSR/rsr.vhd Line: 7
    Warning (15610): No output dependent on input pin "x[22]" File: C:/EELE466/GHC_DDC/Lab4/Quartus/RSR/rsr.vhd Line: 7
    Warning (15610): No output dependent on input pin "x[23]" File: C:/EELE466/GHC_DDC/Lab4/Quartus/RSR/rsr.vhd Line: 7
    Warning (15610): No output dependent on input pin "x[24]" File: C:/EELE466/GHC_DDC/Lab4/Quartus/RSR/rsr.vhd Line: 7
    Warning (15610): No output dependent on input pin "x[25]" File: C:/EELE466/GHC_DDC/Lab4/Quartus/RSR/rsr.vhd Line: 7
    Warning (15610): No output dependent on input pin "x[26]" File: C:/EELE466/GHC_DDC/Lab4/Quartus/RSR/rsr.vhd Line: 7
    Warning (15610): No output dependent on input pin "x[27]" File: C:/EELE466/GHC_DDC/Lab4/Quartus/RSR/rsr.vhd Line: 7
    Warning (15610): No output dependent on input pin "x[28]" File: C:/EELE466/GHC_DDC/Lab4/Quartus/RSR/rsr.vhd Line: 7
    Warning (15610): No output dependent on input pin "x[29]" File: C:/EELE466/GHC_DDC/Lab4/Quartus/RSR/rsr.vhd Line: 7
    Warning (15610): No output dependent on input pin "x[30]" File: C:/EELE466/GHC_DDC/Lab4/Quartus/RSR/rsr.vhd Line: 7
    Warning (15610): No output dependent on input pin "x[31]" File: C:/EELE466/GHC_DDC/Lab4/Quartus/RSR/rsr.vhd Line: 7
Info (21057): Implemented 65 device resources after synthesis - the final resource count might be different
    Info (21058): Implemented 33 input pins
    Info (21059): Implemented 32 output pins
Info: Quartus Prime Analysis & Synthesis was successful. 0 errors, 83 warnings
    Info: Peak virtual memory: 759 megabytes
    Info: Processing ended: Tue Feb 20 13:52:10 2018
    Info: Elapsed time: 00:00:12
    Info: Total CPU time (on all processors): 00:00:23


